
*** Running vivado
    with args -log fir.vds -m64 -product Vivado -mode batch -messageDb vivado.pb -notrace -source fir.tcl


****** Vivado v2022.1 (64-bit)
  **** SW Build 3526262 on Mon Apr 18 15:47:01 MDT 2022
  **** IP Build 3524634 on Mon Apr 18 20:55:01 MDT 2022
    ** Copyright 1986-2022 Xilinx, Inc. All Rights Reserved.

source fir.tcl -notrace
Command: read_checkpoint -auto_incremental -incremental /home/ubuntu/FIR_lab3/fir/fir/fir.srcs/utils_1/imports/synth_1/bram11.dcp
INFO: [Vivado 12-5825] Read reference checkpoint from /home/ubuntu/FIR_lab3/fir/fir/fir.srcs/utils_1/imports/synth_1/bram11.dcp for incremental synthesis
INFO: [Vivado 12-7989] Please ensure there are no constraint changes
Command: synth_design -top fir -part xc7z020clg400-1
Starting synth_design
Attempting to get a license for feature 'Synthesis' and/or device 'xc7z020'
INFO: [Common 17-349] Got license for feature 'Synthesis' and/or device 'xc7z020'
INFO: [Device 21-403] Loading part xc7z020clg400-1
INFO: [Designutils 20-5440] No compile time benefit to using incremental synthesis; A full resynthesis will be run
INFO: [Designutils 20-4379] Flow is switching to default flow due to incremental criteria not met. If you would like to alter this behaviour and have the flow terminate instead, please set the following parameter config_implementation {autoIncr.Synth.RejectBehavior Terminate}
INFO: [Synth 8-7079] Multithreading enabled for synth_design using a maximum of 4 processes.
INFO: [Synth 8-7078] Launching helper process for spawning children vivado processes
INFO: [Synth 8-7075] Helper process launched with PID 831816
WARNING: [Synth 8-9971] redeclaration of ansi port 'awready' is not allowed [/home/ubuntu/FIR_lab3/fir/fir/fir.srcs/sources_1/new/fir.v:57]
WARNING: [Synth 8-9971] redeclaration of ansi port 'wready' is not allowed [/home/ubuntu/FIR_lab3/fir/fir/fir.srcs/sources_1/new/fir.v:58]
WARNING: [Synth 8-9971] redeclaration of ansi port 'arready' is not allowed [/home/ubuntu/FIR_lab3/fir/fir/fir.srcs/sources_1/new/fir.v:59]
WARNING: [Synth 8-9971] redeclaration of ansi port 'rvalid' is not allowed [/home/ubuntu/FIR_lab3/fir/fir/fir.srcs/sources_1/new/fir.v:60]
WARNING: [Synth 8-9971] redeclaration of ansi port 'rdata' is not allowed [/home/ubuntu/FIR_lab3/fir/fir/fir.srcs/sources_1/new/fir.v:61]
WARNING: [Synth 8-9971] redeclaration of ansi port 'ss_tready' is not allowed [/home/ubuntu/FIR_lab3/fir/fir/fir.srcs/sources_1/new/fir.v:62]
WARNING: [Synth 8-9971] redeclaration of ansi port 'sm_tvalid' is not allowed [/home/ubuntu/FIR_lab3/fir/fir/fir.srcs/sources_1/new/fir.v:63]
WARNING: [Synth 8-9971] redeclaration of ansi port 'sm_tdata' is not allowed [/home/ubuntu/FIR_lab3/fir/fir/fir.srcs/sources_1/new/fir.v:64]
WARNING: [Synth 8-9971] redeclaration of ansi port 'sm_tlast' is not allowed [/home/ubuntu/FIR_lab3/fir/fir/fir.srcs/sources_1/new/fir.v:65]
WARNING: [Synth 8-9971] redeclaration of ansi port 'tap_WE' is not allowed [/home/ubuntu/FIR_lab3/fir/fir/fir.srcs/sources_1/new/fir.v:67]
WARNING: [Synth 8-8983] 'tap_WE' was previously declared with a range [/home/ubuntu/FIR_lab3/fir/fir/fir.srcs/sources_1/new/fir.v:67]
WARNING: [Synth 8-9971] redeclaration of ansi port 'tap_EN' is not allowed [/home/ubuntu/FIR_lab3/fir/fir/fir.srcs/sources_1/new/fir.v:68]
WARNING: [Synth 8-9971] redeclaration of ansi port 'tap_Di' is not allowed [/home/ubuntu/FIR_lab3/fir/fir/fir.srcs/sources_1/new/fir.v:69]
WARNING: [Synth 8-9971] redeclaration of ansi port 'tap_A' is not allowed [/home/ubuntu/FIR_lab3/fir/fir/fir.srcs/sources_1/new/fir.v:70]
WARNING: [Synth 8-9971] redeclaration of ansi port 'data_WE' is not allowed [/home/ubuntu/FIR_lab3/fir/fir/fir.srcs/sources_1/new/fir.v:72]
WARNING: [Synth 8-8983] 'data_WE' was previously declared with a range [/home/ubuntu/FIR_lab3/fir/fir/fir.srcs/sources_1/new/fir.v:72]
WARNING: [Synth 8-9971] redeclaration of ansi port 'data_EN' is not allowed [/home/ubuntu/FIR_lab3/fir/fir/fir.srcs/sources_1/new/fir.v:73]
WARNING: [Synth 8-9971] redeclaration of ansi port 'data_Di' is not allowed [/home/ubuntu/FIR_lab3/fir/fir/fir.srcs/sources_1/new/fir.v:74]
WARNING: [Synth 8-9971] redeclaration of ansi port 'data_A' is not allowed [/home/ubuntu/FIR_lab3/fir/fir/fir.srcs/sources_1/new/fir.v:75]
---------------------------------------------------------------------------------
Starting RTL Elaboration : Time (s): cpu = 00:00:02 ; elapsed = 00:00:02 . Memory (MB): peak = 2903.078 ; gain = 0.000 ; free physical = 195 ; free virtual = 3050
---------------------------------------------------------------------------------
INFO: [Synth 8-6157] synthesizing module 'fir' [/home/ubuntu/FIR_lab3/fir/fir/fir.srcs/sources_1/new/fir.v:12]
INFO: [Synth 8-226] default block is never used [/home/ubuntu/FIR_lab3/fir/fir/fir.srcs/sources_1/new/fir.v:245]
INFO: [Synth 8-6155] done synthesizing module 'fir' (0#1) [/home/ubuntu/FIR_lab3/fir/fir/fir.srcs/sources_1/new/fir.v:12]
WARNING: [Synth 8-3917] design fir has port data_EN driven by constant 1
WARNING: [Synth 8-7129] Port wvalid in module fir is either unconnected or has no load
WARNING: [Synth 8-7129] Port rready in module fir is either unconnected or has no load
WARNING: [Synth 8-7129] Port ss_tlast in module fir is either unconnected or has no load
WARNING: [Synth 8-7129] Port sm_tready in module fir is either unconnected or has no load
---------------------------------------------------------------------------------
Finished RTL Elaboration : Time (s): cpu = 00:00:03 ; elapsed = 00:00:03 . Memory (MB): peak = 2903.078 ; gain = 0.000 ; free physical = 1238 ; free virtual = 4065
---------------------------------------------------------------------------------
---------------------------------------------------------------------------------
Start Handling Custom Attributes
---------------------------------------------------------------------------------
---------------------------------------------------------------------------------
Finished Handling Custom Attributes : Time (s): cpu = 00:00:03 ; elapsed = 00:00:03 . Memory (MB): peak = 2903.078 ; gain = 0.000 ; free physical = 1282 ; free virtual = 4110
---------------------------------------------------------------------------------
---------------------------------------------------------------------------------
Finished RTL Optimization Phase 1 : Time (s): cpu = 00:00:03 ; elapsed = 00:00:03 . Memory (MB): peak = 2903.078 ; gain = 0.000 ; free physical = 1282 ; free virtual = 4110
---------------------------------------------------------------------------------
Netlist sorting complete. Time (s): cpu = 00:00:00 ; elapsed = 00:00:00 . Memory (MB): peak = 2903.078 ; gain = 0.000 ; free physical = 1282 ; free virtual = 4110
INFO: [Project 1-570] Preparing netlist for logic optimization

Processing XDC Constraints
Initializing timing engine
Parsing XDC File [/home/ubuntu/FIR_lab3/fir/fir/fir.srcs/constrs_1/new/constraints.xdc]
WARNING: [Constraints 18-6211] Setting input delay on a clock pin 'axis_clk' relative to clock 'axis_clk' defined on the same pin is not supported, ignoring it [/home/ubuntu/FIR_lab3/fir/fir/fir.srcs/constrs_1/new/constraints.xdc:4]
Finished Parsing XDC File [/home/ubuntu/FIR_lab3/fir/fir/fir.srcs/constrs_1/new/constraints.xdc]
INFO: [Project 1-236] Implementation specific constraints were found while reading constraint file [/home/ubuntu/FIR_lab3/fir/fir/fir.srcs/constrs_1/new/constraints.xdc]. These constraints will be ignored for synthesis but will be used in implementation. Impacted constraints are listed in the file [.Xil/fir_propImpl.xdc].
Resolution: To avoid this warning, move constraints listed in [.Xil/fir_propImpl.xdc] to another XDC file and exclude this new file from synthesis with the used_in_synthesis property (File Properties dialog in GUI) and re-run elaboration/synthesis.
Completed Processing XDC Constraints

Netlist sorting complete. Time (s): cpu = 00:00:00 ; elapsed = 00:00:00 . Memory (MB): peak = 2919.086 ; gain = 0.000 ; free physical = 1210 ; free virtual = 4038
INFO: [Project 1-111] Unisim Transformation Summary:
No Unisim elements were transformed.

Constraint Validation Runtime : Time (s): cpu = 00:00:00 ; elapsed = 00:00:00 . Memory (MB): peak = 2919.086 ; gain = 0.000 ; free physical = 1210 ; free virtual = 4038
INFO: [Designutils 20-5440] No compile time benefit to using incremental synthesis; A full resynthesis will be run
INFO: [Designutils 20-4379] Flow is switching to default flow due to incremental criteria not met. If you would like to alter this behaviour and have the flow terminate instead, please set the following parameter config_implementation {autoIncr.Synth.RejectBehavior Terminate}
---------------------------------------------------------------------------------
Finished Constraint Validation : Time (s): cpu = 00:00:06 ; elapsed = 00:00:07 . Memory (MB): peak = 2919.086 ; gain = 16.008 ; free physical = 1277 ; free virtual = 4105
---------------------------------------------------------------------------------
---------------------------------------------------------------------------------
Start Loading Part and Timing Information
---------------------------------------------------------------------------------
Loading part: xc7z020clg400-1
---------------------------------------------------------------------------------
Finished Loading Part and Timing Information : Time (s): cpu = 00:00:06 ; elapsed = 00:00:07 . Memory (MB): peak = 2919.086 ; gain = 16.008 ; free physical = 1277 ; free virtual = 4105
---------------------------------------------------------------------------------
---------------------------------------------------------------------------------
Start Applying 'set_property' XDC Constraints
---------------------------------------------------------------------------------
---------------------------------------------------------------------------------
Finished applying 'set_property' XDC Constraints : Time (s): cpu = 00:00:06 ; elapsed = 00:00:07 . Memory (MB): peak = 2919.086 ; gain = 16.008 ; free physical = 1277 ; free virtual = 4105
---------------------------------------------------------------------------------
WARNING: [Synth 8-327] inferring latch for variable 'awready_reg' [/home/ubuntu/FIR_lab3/fir/fir/fir.srcs/sources_1/new/fir.v:143]
WARNING: [Synth 8-327] inferring latch for variable 'arready_reg' [/home/ubuntu/FIR_lab3/fir/fir/fir.srcs/sources_1/new/fir.v:175]
WARNING: [Synth 8-327] inferring latch for variable 'rvalid_reg' [/home/ubuntu/FIR_lab3/fir/fir/fir.srcs/sources_1/new/fir.v:177]
WARNING: [Synth 8-327] inferring latch for variable 'rdata_reg' [/home/ubuntu/FIR_lab3/fir/fir/fir.srcs/sources_1/new/fir.v:176]
WARNING: [Synth 8-327] inferring latch for variable 'convolution_en_reg' [/home/ubuntu/FIR_lab3/fir/fir/fir.srcs/sources_1/new/fir.v:214]
WARNING: [Synth 8-327] inferring latch for variable 'first_reg' [/home/ubuntu/FIR_lab3/fir/fir/fir.srcs/sources_1/new/fir.v:215]
WARNING: [Synth 8-327] inferring latch for variable 'tap_A_reg' [/home/ubuntu/FIR_lab3/fir/fir/fir.srcs/sources_1/new/fir.v:124]
WARNING: [Synth 8-327] inferring latch for variable 'next_i_reg' [/home/ubuntu/FIR_lab3/fir/fir/fir.srcs/sources_1/new/fir.v:391]
WARNING: [Synth 8-327] inferring latch for variable 'sm_tvalid_reg' [/home/ubuntu/FIR_lab3/fir/fir/fir.srcs/sources_1/new/fir.v:257]
WARNING: [Synth 8-327] inferring latch for variable 'sm_tlast_reg' [/home/ubuntu/FIR_lab3/fir/fir/fir.srcs/sources_1/new/fir.v:424]
WARNING: [Synth 8-327] inferring latch for variable 'tap_WE_reg' [/home/ubuntu/FIR_lab3/fir/fir/fir.srcs/sources_1/new/fir.v:145]
WARNING: [Synth 8-327] inferring latch for variable 'tap_EN_reg' [/home/ubuntu/FIR_lab3/fir/fir/fir.srcs/sources_1/new/fir.v:123]
WARNING: [Synth 8-327] inferring latch for variable 'tap_Di_reg' [/home/ubuntu/FIR_lab3/fir/fir/fir.srcs/sources_1/new/fir.v:146]
WARNING: [Synth 8-327] inferring latch for variable 'data_Di_reg' [/home/ubuntu/FIR_lab3/fir/fir/fir.srcs/sources_1/new/fir.v:254]
WARNING: [Synth 8-327] inferring latch for variable 'next_tap_A_reg' [/home/ubuntu/FIR_lab3/fir/fir/fir.srcs/sources_1/new/fir.v:250]
WARNING: [Synth 8-327] inferring latch for variable 'next_config_reg_reg' [/home/ubuntu/FIR_lab3/fir/fir/fir.srcs/sources_1/new/fir.v:425]
WARNING: [Synth 8-327] inferring latch for variable 'next_config_reg_reg' [/home/ubuntu/FIR_lab3/fir/fir/fir.srcs/sources_1/new/fir.v:201]
WARNING: [Synth 8-327] inferring latch for variable 'write_stack_reg' [/home/ubuntu/FIR_lab3/fir/fir/fir.srcs/sources_1/new/fir.v:269]
WARNING: [Synth 8-327] inferring latch for variable 'read_stack_reg' [/home/ubuntu/FIR_lab3/fir/fir/fir.srcs/sources_1/new/fir.v:255]
---------------------------------------------------------------------------------
Finished RTL Optimization Phase 2 : Time (s): cpu = 00:00:06 ; elapsed = 00:00:07 . Memory (MB): peak = 2919.086 ; gain = 16.008 ; free physical = 1265 ; free virtual = 4094
---------------------------------------------------------------------------------
---------------------------------------------------------------------------------
Start RTL Component Statistics 
---------------------------------------------------------------------------------
Detailed RTL Component Info : 
+---Adders : 
	   2 Input   32 Bit       Adders := 1     
	   2 Input   10 Bit       Adders := 1     
	   2 Input    6 Bit       Adders := 1     
+---Registers : 
	               32 Bit    Registers := 1     
	               12 Bit    Registers := 1     
	               10 Bit    Registers := 1     
	                6 Bit    Registers := 1     
	                3 Bit    Registers := 1     
	                1 Bit    Registers := 1     
+---Multipliers : 
	              32x32  Multipliers := 1     
+---Muxes : 
	   2 Input   32 Bit        Muxes := 3     
	   8 Input   32 Bit        Muxes := 5     
	   5 Input   32 Bit        Muxes := 1     
	   2 Input   12 Bit        Muxes := 3     
	   8 Input   12 Bit        Muxes := 1     
	   2 Input    6 Bit        Muxes := 2     
	   8 Input    6 Bit        Muxes := 1     
	   2 Input    4 Bit        Muxes := 1     
	   8 Input    4 Bit        Muxes := 1     
	   2 Input    3 Bit        Muxes := 3     
	   2 Input    1 Bit        Muxes := 17    
	   8 Input    1 Bit        Muxes := 10    
---------------------------------------------------------------------------------
Finished RTL Component Statistics 
---------------------------------------------------------------------------------
---------------------------------------------------------------------------------
Start Part Resource Summary
---------------------------------------------------------------------------------
Part Resources:
DSPs: 220 (col length:60)
BRAMs: 280 (col length: RAMB18 60 RAMB36 30)
---------------------------------------------------------------------------------
Finished Part Resource Summary
---------------------------------------------------------------------------------
---------------------------------------------------------------------------------
Start Cross Boundary and Area Optimization
---------------------------------------------------------------------------------
WARNING: [Synth 8-7080] Parallel synthesis criteria is not met
DSP Report: Generating DSP sm_tdata1, operation Mode is: A*B.
DSP Report: operator sm_tdata1 is absorbed into DSP sm_tdata1.
DSP Report: operator sm_tdata1 is absorbed into DSP sm_tdata1.
DSP Report: Generating DSP sm_tdata1, operation Mode is: (PCIN>>17)+A*B.
DSP Report: operator sm_tdata1 is absorbed into DSP sm_tdata1.
DSP Report: operator sm_tdata1 is absorbed into DSP sm_tdata1.
DSP Report: Generating DSP sm_tdata1, operation Mode is: A*B.
DSP Report: operator sm_tdata1 is absorbed into DSP sm_tdata1.
DSP Report: operator sm_tdata1 is absorbed into DSP sm_tdata1.
DSP Report: Generating DSP sm_tdata1, operation Mode is: (PCIN>>17)+A*B.
DSP Report: operator sm_tdata1 is absorbed into DSP sm_tdata1.
DSP Report: operator sm_tdata1 is absorbed into DSP sm_tdata1.
WARNING: [Synth 8-3917] design fir has port data_EN driven by constant 1
WARNING: [Synth 8-7129] Port wvalid in module fir is either unconnected or has no load
WARNING: [Synth 8-7129] Port rready in module fir is either unconnected or has no load
WARNING: [Synth 8-7129] Port ss_tlast in module fir is either unconnected or has no load
WARNING: [Synth 8-7129] Port sm_tready in module fir is either unconnected or has no load
WARNING: [Synth 8-3332] Sequential element (tap_A_reg[11]) is unused and will be removed from module fir.
WARNING: [Synth 8-3332] Sequential element (next_i_reg[9]) is unused and will be removed from module fir.
WARNING: [Synth 8-3332] Sequential element (next_i_reg[8]) is unused and will be removed from module fir.
WARNING: [Synth 8-3332] Sequential element (next_i_reg[7]) is unused and will be removed from module fir.
WARNING: [Synth 8-3332] Sequential element (next_i_reg[6]) is unused and will be removed from module fir.
WARNING: [Synth 8-3332] Sequential element (next_i_reg[5]) is unused and will be removed from module fir.
WARNING: [Synth 8-3332] Sequential element (next_i_reg[4]) is unused and will be removed from module fir.
WARNING: [Synth 8-3332] Sequential element (next_i_reg[3]) is unused and will be removed from module fir.
WARNING: [Synth 8-3332] Sequential element (next_i_reg[2]) is unused and will be removed from module fir.
WARNING: [Synth 8-3332] Sequential element (next_i_reg[1]) is unused and will be removed from module fir.
WARNING: [Synth 8-3332] Sequential element (next_i_reg[0]) is unused and will be removed from module fir.
CRITICAL WARNING: [Synth 8-6859] multi-driven net on pin Q with 1st driver pin 'next_i_reg[9]__0/Q' [/home/ubuntu/FIR_lab3/fir/fir/fir.srcs/sources_1/new/fir.v:107]
CRITICAL WARNING: [Synth 8-6859] multi-driven net on pin Q with 2nd driver pin 'GND' [/home/ubuntu/FIR_lab3/fir/fir/fir.srcs/sources_1/new/fir.v:107]
CRITICAL WARNING: [Synth 8-6858] multi-driven net Q is connected to at least one constant driver which has been preserved, other driver is ignored [/home/ubuntu/FIR_lab3/fir/fir/fir.srcs/sources_1/new/fir.v:107]
CRITICAL WARNING: [Synth 8-6859] multi-driven net on pin Q with 1st driver pin 'next_i_reg[8]__0/Q' [/home/ubuntu/FIR_lab3/fir/fir/fir.srcs/sources_1/new/fir.v:107]
CRITICAL WARNING: [Synth 8-6859] multi-driven net on pin Q with 2nd driver pin 'GND' [/home/ubuntu/FIR_lab3/fir/fir/fir.srcs/sources_1/new/fir.v:107]
CRITICAL WARNING: [Synth 8-6858] multi-driven net Q is connected to at least one constant driver which has been preserved, other driver is ignored [/home/ubuntu/FIR_lab3/fir/fir/fir.srcs/sources_1/new/fir.v:107]
CRITICAL WARNING: [Synth 8-6859] multi-driven net on pin Q with 1st driver pin 'next_i_reg[7]__0/Q' [/home/ubuntu/FIR_lab3/fir/fir/fir.srcs/sources_1/new/fir.v:107]
CRITICAL WARNING: [Synth 8-6859] multi-driven net on pin Q with 2nd driver pin 'GND' [/home/ubuntu/FIR_lab3/fir/fir/fir.srcs/sources_1/new/fir.v:107]
CRITICAL WARNING: [Synth 8-6858] multi-driven net Q is connected to at least one constant driver which has been preserved, other driver is ignored [/home/ubuntu/FIR_lab3/fir/fir/fir.srcs/sources_1/new/fir.v:107]
CRITICAL WARNING: [Synth 8-6859] multi-driven net on pin Q with 1st driver pin 'next_i_reg[6]__0/Q' [/home/ubuntu/FIR_lab3/fir/fir/fir.srcs/sources_1/new/fir.v:107]
CRITICAL WARNING: [Synth 8-6859] multi-driven net on pin Q with 2nd driver pin 'GND' [/home/ubuntu/FIR_lab3/fir/fir/fir.srcs/sources_1/new/fir.v:107]
CRITICAL WARNING: [Synth 8-6858] multi-driven net Q is connected to at least one constant driver which has been preserved, other driver is ignored [/home/ubuntu/FIR_lab3/fir/fir/fir.srcs/sources_1/new/fir.v:107]
CRITICAL WARNING: [Synth 8-6859] multi-driven net on pin Q with 1st driver pin 'next_i_reg[5]__0/Q' [/home/ubuntu/FIR_lab3/fir/fir/fir.srcs/sources_1/new/fir.v:107]
CRITICAL WARNING: [Synth 8-6859] multi-driven net on pin Q with 2nd driver pin 'GND' [/home/ubuntu/FIR_lab3/fir/fir/fir.srcs/sources_1/new/fir.v:107]
CRITICAL WARNING: [Synth 8-6858] multi-driven net Q is connected to at least one constant driver which has been preserved, other driver is ignored [/home/ubuntu/FIR_lab3/fir/fir/fir.srcs/sources_1/new/fir.v:107]
CRITICAL WARNING: [Synth 8-6859] multi-driven net on pin Q with 1st driver pin 'next_i_reg[4]__0/Q' [/home/ubuntu/FIR_lab3/fir/fir/fir.srcs/sources_1/new/fir.v:107]
CRITICAL WARNING: [Synth 8-6859] multi-driven net on pin Q with 2nd driver pin 'GND' [/home/ubuntu/FIR_lab3/fir/fir/fir.srcs/sources_1/new/fir.v:107]
CRITICAL WARNING: [Synth 8-6858] multi-driven net Q is connected to at least one constant driver which has been preserved, other driver is ignored [/home/ubuntu/FIR_lab3/fir/fir/fir.srcs/sources_1/new/fir.v:107]
CRITICAL WARNING: [Synth 8-6859] multi-driven net on pin Q with 1st driver pin 'next_i_reg[3]__0/Q' [/home/ubuntu/FIR_lab3/fir/fir/fir.srcs/sources_1/new/fir.v:107]
CRITICAL WARNING: [Synth 8-6859] multi-driven net on pin Q with 2nd driver pin 'GND' [/home/ubuntu/FIR_lab3/fir/fir/fir.srcs/sources_1/new/fir.v:107]
CRITICAL WARNING: [Synth 8-6858] multi-driven net Q is connected to at least one constant driver which has been preserved, other driver is ignored [/home/ubuntu/FIR_lab3/fir/fir/fir.srcs/sources_1/new/fir.v:107]
CRITICAL WARNING: [Synth 8-6859] multi-driven net on pin Q with 1st driver pin 'next_i_reg[2]__0/Q' [/home/ubuntu/FIR_lab3/fir/fir/fir.srcs/sources_1/new/fir.v:107]
CRITICAL WARNING: [Synth 8-6859] multi-driven net on pin Q with 2nd driver pin 'GND' [/home/ubuntu/FIR_lab3/fir/fir/fir.srcs/sources_1/new/fir.v:107]
CRITICAL WARNING: [Synth 8-6858] multi-driven net Q is connected to at least one constant driver which has been preserved, other driver is ignored [/home/ubuntu/FIR_lab3/fir/fir/fir.srcs/sources_1/new/fir.v:107]
CRITICAL WARNING: [Synth 8-6859] multi-driven net on pin Q with 1st driver pin 'next_i_reg[1]__0/Q' [/home/ubuntu/FIR_lab3/fir/fir/fir.srcs/sources_1/new/fir.v:107]
CRITICAL WARNING: [Synth 8-6859] multi-driven net on pin Q with 2nd driver pin 'GND' [/home/ubuntu/FIR_lab3/fir/fir/fir.srcs/sources_1/new/fir.v:107]
CRITICAL WARNING: [Synth 8-6858] multi-driven net Q is connected to at least one constant driver which has been preserved, other driver is ignored [/home/ubuntu/FIR_lab3/fir/fir/fir.srcs/sources_1/new/fir.v:107]
CRITICAL WARNING: [Synth 8-6859] multi-driven net on pin Q with 1st driver pin 'next_i_reg[0]__0/Q' [/home/ubuntu/FIR_lab3/fir/fir/fir.srcs/sources_1/new/fir.v:107]
CRITICAL WARNING: [Synth 8-6859] multi-driven net on pin Q with 2nd driver pin 'GND' [/home/ubuntu/FIR_lab3/fir/fir/fir.srcs/sources_1/new/fir.v:107]
CRITICAL WARNING: [Synth 8-6858] multi-driven net Q is connected to at least one constant driver which has been preserved, other driver is ignored [/home/ubuntu/FIR_lab3/fir/fir/fir.srcs/sources_1/new/fir.v:107]
WARNING: [Synth 8-3332] Sequential element (next_tap_A_reg[1]) is unused and will be removed from module fir.
WARNING: [Synth 8-3332] Sequential element (next_config_reg_reg[11]) is unused and will be removed from module fir.
WARNING: [Synth 8-3332] Sequential element (next_config_reg_reg[10]) is unused and will be removed from module fir.
WARNING: [Synth 8-3332] Sequential element (next_config_reg_reg[9]) is unused and will be removed from module fir.
WARNING: [Synth 8-3332] Sequential element (next_config_reg_reg[8]) is unused and will be removed from module fir.
WARNING: [Synth 8-3332] Sequential element (next_config_reg_reg[7]) is unused and will be removed from module fir.
WARNING: [Synth 8-3332] Sequential element (next_config_reg_reg[6]) is unused and will be removed from module fir.
WARNING: [Synth 8-3332] Sequential element (next_config_reg_reg[5]) is unused and will be removed from module fir.
WARNING: [Synth 8-3332] Sequential element (next_config_reg_reg[4]) is unused and will be removed from module fir.
WARNING: [Synth 8-3332] Sequential element (next_config_reg_reg[3]) is unused and will be removed from module fir.
WARNING: [Synth 8-3332] Sequential element (next_config_reg_reg[11]__0) is unused and will be removed from module fir.
WARNING: [Synth 8-3332] Sequential element (next_config_reg_reg[10]__0) is unused and will be removed from module fir.
WARNING: [Synth 8-3332] Sequential element (next_config_reg_reg[9]__0) is unused and will be removed from module fir.
WARNING: [Synth 8-3332] Sequential element (next_config_reg_reg[8]__0) is unused and will be removed from module fir.
WARNING: [Synth 8-3332] Sequential element (next_config_reg_reg[7]__0) is unused and will be removed from module fir.
WARNING: [Synth 8-3332] Sequential element (next_config_reg_reg[6]__0) is unused and will be removed from module fir.
WARNING: [Synth 8-3332] Sequential element (next_config_reg_reg[5]__0) is unused and will be removed from module fir.
WARNING: [Synth 8-3332] Sequential element (next_config_reg_reg[4]__0) is unused and will be removed from module fir.
WARNING: [Synth 8-3332] Sequential element (next_config_reg_reg[3]__0) is unused and will be removed from module fir.
---------------------------------------------------------------------------------
Finished Cross Boundary and Area Optimization : Time (s): cpu = 00:00:08 ; elapsed = 00:00:08 . Memory (MB): peak = 2919.086 ; gain = 16.008 ; free physical = 1251 ; free virtual = 4084
---------------------------------------------------------------------------------
---------------------------------------------------------------------------------
Start ROM, RAM, DSP, Shift Register and Retiming Reporting
---------------------------------------------------------------------------------

DSP: Preliminary Mapping Report (see note below. The ' indicates corresponding REG is set)
+------------+----------------+--------+--------+--------+--------+--------+------+------+------+------+-------+------+------+
|Module Name | DSP Mapping    | A Size | B Size | C Size | D Size | P Size | AREG | BREG | CREG | DREG | ADREG | MREG | PREG | 
+------------+----------------+--------+--------+--------+--------+--------+------+------+------+------+-------+------+------+
|fir         | A*B            | 18     | 16     | -      | -      | 48     | 0    | 0    | -    | -    | -     | 0    | 0    | 
|fir         | (PCIN>>17)+A*B | 16     | 16     | -      | -      | 48     | 0    | 0    | -    | -    | -     | 0    | 0    | 
|fir         | A*B            | 18     | 18     | -      | -      | 48     | 0    | 0    | -    | -    | -     | 0    | 0    | 
|fir         | (PCIN>>17)+A*B | 18     | 16     | -      | -      | 48     | 0    | 0    | -    | -    | -     | 0    | 0    | 
+------------+----------------+--------+--------+--------+--------+--------+------+------+------+------+-------+------+------+

Note: The table above is a preliminary report that shows the DSPs inferred at the current stage of the synthesis flow. Some DSP may be reimplemented as non DSP primitives later in the synthesis flow. Multiple instantiated DSPs are reported only once.
---------------------------------------------------------------------------------
Finished ROM, RAM, DSP, Shift Register and Retiming Reporting
---------------------------------------------------------------------------------
---------------------------------------------------------------------------------
Start Applying XDC Timing Constraints
---------------------------------------------------------------------------------
---------------------------------------------------------------------------------
Finished Applying XDC Timing Constraints : Time (s): cpu = 00:00:11 ; elapsed = 00:00:11 . Memory (MB): peak = 2919.086 ; gain = 16.008 ; free physical = 1106 ; free virtual = 3939
---------------------------------------------------------------------------------
---------------------------------------------------------------------------------
Start Timing Optimization
---------------------------------------------------------------------------------
---------------------------------------------------------------------------------
Finished Timing Optimization : Time (s): cpu = 00:00:11 ; elapsed = 00:00:12 . Memory (MB): peak = 2919.086 ; gain = 16.008 ; free physical = 1095 ; free virtual = 3928
---------------------------------------------------------------------------------
---------------------------------------------------------------------------------
Start Technology Mapping
---------------------------------------------------------------------------------
---------------------------------------------------------------------------------
Finished Technology Mapping : Time (s): cpu = 00:00:11 ; elapsed = 00:00:12 . Memory (MB): peak = 2919.086 ; gain = 16.008 ; free physical = 1089 ; free virtual = 3922
---------------------------------------------------------------------------------
---------------------------------------------------------------------------------
Start IO Insertion
---------------------------------------------------------------------------------
---------------------------------------------------------------------------------
Start Flattening Before IO Insertion
---------------------------------------------------------------------------------
---------------------------------------------------------------------------------
Finished Flattening Before IO Insertion
---------------------------------------------------------------------------------
---------------------------------------------------------------------------------
Start Final Netlist Cleanup
---------------------------------------------------------------------------------
---------------------------------------------------------------------------------
Finished Final Netlist Cleanup
---------------------------------------------------------------------------------
---------------------------------------------------------------------------------
Finished IO Insertion : Time (s): cpu = 00:00:13 ; elapsed = 00:00:13 . Memory (MB): peak = 2919.086 ; gain = 16.008 ; free physical = 1089 ; free virtual = 3922
---------------------------------------------------------------------------------
---------------------------------------------------------------------------------
Start Renaming Generated Instances
---------------------------------------------------------------------------------
---------------------------------------------------------------------------------
Finished Renaming Generated Instances : Time (s): cpu = 00:00:13 ; elapsed = 00:00:13 . Memory (MB): peak = 2919.086 ; gain = 16.008 ; free physical = 1089 ; free virtual = 3922
---------------------------------------------------------------------------------
CRITICAL WARNING: [Synth 8-6859] multi-driven net on pin next_config_reg[2] with 1st driver pin 'next_config_reg_reg[2]__0/Q' [/home/ubuntu/FIR_lab3/fir/fir/fir.srcs/sources_1/new/fir.v:201]
CRITICAL WARNING: [Synth 8-6859] multi-driven net on pin next_config_reg[2] with 2nd driver pin 'next_config_reg_reg[2]/Q' [/home/ubuntu/FIR_lab3/fir/fir/fir.srcs/sources_1/new/fir.v:425]
CRITICAL WARNING: [Synth 8-6859] multi-driven net on pin next_config_reg[1] with 1st driver pin 'next_config_reg_reg[1]__0/Q' [/home/ubuntu/FIR_lab3/fir/fir/fir.srcs/sources_1/new/fir.v:201]
CRITICAL WARNING: [Synth 8-6859] multi-driven net on pin next_config_reg[1] with 2nd driver pin 'next_config_reg_reg[1]/Q' [/home/ubuntu/FIR_lab3/fir/fir/fir.srcs/sources_1/new/fir.v:425]
CRITICAL WARNING: [Synth 8-6859] multi-driven net on pin next_config_reg[0] with 1st driver pin 'next_config_reg_reg[0]__0/Q' [/home/ubuntu/FIR_lab3/fir/fir/fir.srcs/sources_1/new/fir.v:201]
CRITICAL WARNING: [Synth 8-6859] multi-driven net on pin next_config_reg[0] with 2nd driver pin 'next_config_reg_reg[0]/Q' [/home/ubuntu/FIR_lab3/fir/fir/fir.srcs/sources_1/new/fir.v:425]

Report Check Netlist: 
+------+------------------+-------+---------+-------+------------------+
|      |Item              |Errors |Warnings |Status |Description       |
+------+------------------+-------+---------+-------+------------------+
|1     |multi_driven_nets |      0|        3|Failed |Multi driven nets |
+------+------------------+-------+---------+-------+------------------+
---------------------------------------------------------------------------------
Start Rebuilding User Hierarchy
---------------------------------------------------------------------------------
---------------------------------------------------------------------------------
Finished Rebuilding User Hierarchy : Time (s): cpu = 00:00:13 ; elapsed = 00:00:14 . Memory (MB): peak = 2919.086 ; gain = 16.008 ; free physical = 1089 ; free virtual = 3922
---------------------------------------------------------------------------------
---------------------------------------------------------------------------------
Start Renaming Generated Ports
---------------------------------------------------------------------------------
---------------------------------------------------------------------------------
Finished Renaming Generated Ports : Time (s): cpu = 00:00:13 ; elapsed = 00:00:14 . Memory (MB): peak = 2919.086 ; gain = 16.008 ; free physical = 1089 ; free virtual = 3922
---------------------------------------------------------------------------------
---------------------------------------------------------------------------------
Start Handling Custom Attributes
---------------------------------------------------------------------------------
---------------------------------------------------------------------------------
Finished Handling Custom Attributes : Time (s): cpu = 00:00:13 ; elapsed = 00:00:14 . Memory (MB): peak = 2919.086 ; gain = 16.008 ; free physical = 1089 ; free virtual = 3922
---------------------------------------------------------------------------------
---------------------------------------------------------------------------------
Start Renaming Generated Nets
---------------------------------------------------------------------------------
---------------------------------------------------------------------------------
Finished Renaming Generated Nets : Time (s): cpu = 00:00:13 ; elapsed = 00:00:14 . Memory (MB): peak = 2919.086 ; gain = 16.008 ; free physical = 1089 ; free virtual = 3922
---------------------------------------------------------------------------------
---------------------------------------------------------------------------------
Start Writing Synthesis Report
---------------------------------------------------------------------------------

DSP Final Report (the ' indicates corresponding REG is set)
+------------+--------------+--------+--------+--------+--------+--------+------+------+------+------+-------+------+------+
|Module Name | DSP Mapping  | A Size | B Size | C Size | D Size | P Size | AREG | BREG | CREG | DREG | ADREG | MREG | PREG | 
+------------+--------------+--------+--------+--------+--------+--------+------+------+------+------+-------+------+------+
|fir         | A*B          | 17     | 15     | -      | -      | 48     | 0    | 0    | -    | -    | -     | 0    | 0    | 
|fir         | A*B          | 17     | 17     | -      | -      | 48     | 0    | 0    | -    | -    | -     | 0    | 0    | 
|fir         | PCIN>>17+A*B | 17     | 15     | -      | -      | 48     | 0    | 0    | -    | -    | -     | 0    | 0    | 
+------------+--------------+--------+--------+--------+--------+--------+------+------+------+------+-------+------+------+


Report BlackBoxes: 
+-+--------------+----------+
| |BlackBox name |Instances |
+-+--------------+----------+
+-+--------------+----------+

Report Cell Usage: 
+------+--------+------+
|      |Cell    |Count |
+------+--------+------+
|1     |BUFG    |     6|
|2     |CARRY4  |    12|
|3     |DSP48E1 |     3|
|4     |LUT1    |     2|
|5     |LUT2    |   154|
|6     |LUT3    |    38|
|7     |LUT4    |    12|
|8     |LUT5    |    44|
|9     |LUT6    |    58|
|10    |FDRE    |    42|
|11    |FDSE    |     1|
|12    |LD      |   183|
|13    |LDC     |     1|
|14    |LDCP    |     1|
|15    |LDP     |     2|
|16    |IBUF    |   157|
|17    |OBUF    |   169|
+------+--------+------+
---------------------------------------------------------------------------------
Finished Writing Synthesis Report : Time (s): cpu = 00:00:13 ; elapsed = 00:00:14 . Memory (MB): peak = 2919.086 ; gain = 16.008 ; free physical = 1089 ; free virtual = 3922
---------------------------------------------------------------------------------
Synthesis finished with 0 errors, 36 critical warnings and 55 warnings.
Synthesis Optimization Runtime : Time (s): cpu = 00:00:12 ; elapsed = 00:00:13 . Memory (MB): peak = 2919.086 ; gain = 0.000 ; free physical = 1161 ; free virtual = 3993
Synthesis Optimization Complete : Time (s): cpu = 00:00:13 ; elapsed = 00:00:14 . Memory (MB): peak = 2919.094 ; gain = 16.008 ; free physical = 1161 ; free virtual = 3993
INFO: [Project 1-571] Translating synthesized netlist
Netlist sorting complete. Time (s): cpu = 00:00:00.01 ; elapsed = 00:00:00.01 . Memory (MB): peak = 2919.094 ; gain = 0.000 ; free physical = 1247 ; free virtual = 4079
INFO: [Netlist 29-17] Analyzing 202 Unisim elements for replacement
INFO: [Netlist 29-28] Unisim Transformation completed in 0 CPU seconds
INFO: [Project 1-570] Preparing netlist for logic optimization
INFO: [Opt 31-138] Pushed 0 inverter(s) to 0 load pin(s).
Netlist sorting complete. Time (s): cpu = 00:00:00 ; elapsed = 00:00:00 . Memory (MB): peak = 2919.094 ; gain = 0.000 ; free physical = 1189 ; free virtual = 4021
INFO: [Project 1-111] Unisim Transformation Summary:
  A total of 187 instances were transformed.
  LD => LDCE: 183 instances
  LDC => LDCE: 1 instance 
  LDCP => LDCP (GND, LDCE, LUT3(x2), VCC): 1 instance 
  LDP => LDPE: 2 instances

Synth Design complete, checksum: c458d637
INFO: [Common 17-83] Releasing license: Synthesis
24 Infos, 80 Warnings, 36 Critical Warnings and 0 Errors encountered.
synth_design completed successfully
synth_design: Time (s): cpu = 00:00:18 ; elapsed = 00:00:16 . Memory (MB): peak = 2919.094 ; gain = 16.016 ; free physical = 1388 ; free virtual = 4221
INFO: [runtcl-6] Synthesis results are not added to the cache due to CRITICAL_WARNING
INFO: [Common 17-1381] The checkpoint '/home/ubuntu/FIR_lab3/fir/fir/fir.runs/synth_1/fir.dcp' has been generated.
INFO: [runtcl-4] Executing : report_utilization -file fir_utilization_synth.rpt -pb fir_utilization_synth.pb
INFO: [Common 17-206] Exiting Vivado at Mon Oct 23 04:30:25 2023...
